cpu-bind=MASK - cn-0249, task  0  0 [1907909]: mask |BBBBBBBBBBBBBBBBBBBB||||BBBBBBBBBBBBBBBBBBBB|  set
cpu-bind=MASK - cn-0249, task  0  0 [1907943]: mask |BBBBBBBBBBBBBBBBBBBB||||BBBBBBBBBBBBBBBBBBBB|  set
cpu-bind=MASK - cn-0250, task  1  0 [1165623]: mask |BBBBBBBBBBBBBBBBBBBB||||BBBBBBBBBBBBBBBBBBBB|  set
cpu-bind=MASK - cn-0251, task  2  0 [3873953]: mask |BBBBBBBBBBBBBBBBBBBB||||BBBBBBBBBBBBBBBBBBBB|  set
[CpuDevice(id=0), CpuDevice(id=1), CpuDevice(id=2), CpuDevice(id=3), CpuDevice(id=4), CpuDevice(id=5), CpuDevice(id=6), CpuDevice(id=7), CpuDevice(id=8), CpuDevice(id=9), CpuDevice(id=10), CpuDevice(id=11), CpuDevice(id=12), CpuDevice(id=13), CpuDevice(id=14), CpuDevice(id=15), CpuDevice(id=16), CpuDevice(id=17), CpuDevice(id=18), CpuDevice(id=19), CpuDevice(id=20), CpuDevice(id=21), CpuDevice(id=22), CpuDevice(id=23), CpuDevice(id=24), CpuDevice(id=25), CpuDevice(id=26), CpuDevice(id=27), CpuDevice(id=28), CpuDevice(id=29), CpuDevice(id=30), CpuDevice(id=31), CpuDevice(id=32), CpuDevice(id=33), CpuDevice(id=34), CpuDevice(id=35), CpuDevice(id=36), CpuDevice(id=37), CpuDevice(id=38), CpuDevice(id=39), CpuDevice(id=40), CpuDevice(id=41), CpuDevice(id=42), CpuDevice(id=43), CpuDevice(id=44), CpuDevice(id=45), CpuDevice(id=46), CpuDevice(id=47), CpuDevice(id=48), CpuDevice(id=49), CpuDevice(id=50), CpuDevice(id=51), CpuDevice(id=52), CpuDevice(id=53), CpuDevice(id=54), CpuDevice(id=55), CpuDevice(id=56), CpuDevi[CpuDevice(id=0), CpuDevice(id=1), CpuDevice(id=2), CpuDevice(id=3), CpuDevice(id=4), CpuDevice(id=5), CpuDevice(id=6), CpuDevice(id=7), CpuDevice(id=8), CpuDevice(id=9), CpuDevice(id=10), CpuDevice(id=11), CpuDevice(id=12), CpuDevice(id=13), CpuDevice(id=14), CpuDevice(id=15), CpuDevice(id=16), CpuDevice(id=17), CpuDevice(id=18), CpuDevice(id=19), CpuDevice(id=20), CpuDevice(id=21), CpuDevice(id=22), CpuDevice(id=23), CpuDevice(id=24), CpuDevice(id=25), CpuDevice(id=26), CpuDevice(id=27), CpuDevice(id=28), CpuDevice(id=29), CpuDevice(id=30), CpuDevice(id=31), CpuDevice(id=32), CpuDevice(id=33), CpuDevice(id=34), CpuDevice(id=35), CpuDevice(id=36), CpuDevice(id=37), CpuDevice(id=38), CpuDevice(id=39), CpuDevice(id=40), CpuDevice(id=41), CpuDevice(id=42), CpuDevice(id=43), CpuDevice(id=44), CpuDevice(id=45), CpuDevice(id=46), CpuDevice(id=47), CpuDevice(id=48), CpuDevice(id=49), CpuDevice(id=50), CpuDevice(id=51), CpuDevice(id=52), CpuDevice(id=53), CpuDevice(id=54), CpuDevice(id=55), CpuDevice(id=56), CpuDevice(id=57), CpuDevice(id=58), CpuDevice(id=59), CpuDevice(id=60), CpuDevice(id=61), CpuDevice(id=62), CpuDevice(id=63), CpuDevice(id=64), CpuDevice(id=65), CpuDevice(id=66), CpuDevice(id=67), CpuDevice(id=68), CpuDevice(id=69), CpuDevice(id=70), CpuDevice(id=71), CpuDevice(id=72), CpuDevice(id=73), CpuDevice(id=74), CpuDevice(id=75), CpuDevice(id=76), CpuDevice(id=77), CpuDevice(id=78), CpuDevice(id=79), CpuDevice(id=80), CpuDevice(id=81), CpuDevice(id=82), CpuDevice(id=83), CpuDevice(id=84), CpuDevice(id=85), CpuDevice(id=86), CpuDevice(id=87), CpuDevice(id=88), CpuDevice(id=89), CpuDevice(id=90), CpuDevice(id=91), CpuDevice(id=92), CpuDevice(id=93), CpuDevice(id=94), CpuDevice(id=95), CpuDevice(id=96), CpuDevice(id=97), CpuDevice(id=98), CpuDevice(id=99)] num devices =  100
Total Halton elements to process: 1000
Traceback (most recent call last):
  File "/pc2/users/r/rpandey/RK4/Partitioned_RK4/Implicit_RK4/Lobatto_weights/ADAM/Hubber_Loss_Function/For_Scratch/Halton_100-Setting-2/With_Energy/OneBatch-Perturbed_Lobatto_3A3B.py", line 353, in <module>
    main()
  File "/pc2/users/r/rpandey/RK4/Partitioned_RK4/Implicit_RK4/Lobatto_weights/ADAM/Hubber_Loss_Function/For_Scratch/Halton_100-Setting-2/With_Energy/OneBatch-Perturbed_Lobatto_3A3B.py", line 123, in main
    if is_valid_halton_element(halton_element, threshold=10):  # Set an appropriate threshold
  File "/pc2/users/r/rpandey/RK4/Partitioned_RK4/Implicit_RK4/Lobatto_weights/ADAM/Hubber_Loss_Function/For_Scratch/Halton_100-Setting-2/With_Energy/OneBatch-Perturbed_Lobatto_3A3B.py", line 103, in is_valid_halton_element
    yn_list, zn_list, _ = Find_valid_halton.find_error(A1D_original_BeforeOptimization, halton_element)
NameError: name 'A1D_original_BeforeOptimization' is not defined
ce(id=57), CpuDevice(id=58), CpuDevice(id=59), CpuDevice(id=60), CpuDevice(id=61), CpuDevice(id=62), CpuDevice(id=63), CpuDevice(id=64), CpuDevice(id=65), CpuDevice(id=66), CpuDevice(id=67), CpuDevice(id=68), CpuDevice(id=69), CpuDevice(id=70), CpuDevice(id=71), CpuDevice(id=72), CpuDevice(id=73), CpuDevice(id=74), CpuDevice(id=75), CpuDevice(id=76), CpuDevice(id=77), CpuDevice(id=78), CpuDevice(id=79), CpuDevice(id=80), CpuDevice(id=81), CpuDevice(id=82), CpuDevice(id=83), CpuDevice(id=84), CpuDevice(id=85), CpuDevice(id=86), CpuDevice(id=87), CpuDevice(id=88), CpuDevice(id=89), CpuDevice(id=90), CpuDevice(id=91), CpuDevice(id=92), CpuDevice(id=93), CpuDevice(id=94), CpuDevice(id=95), CpuDevice(id=96), CpuDevice(id=97), CpuDevice(id=98), CpuDevice(id=99)] num devices =  100
Total Halton elements to process: 1000
Traceback (most recent call last):
  File "/pc2/users/r/rpandey/RK4/Partitioned_RK4/Implicit_RK4/Lobatto_weights/ADAM/Hubber_Loss_Function/For_Scratch/Halton_100-Setting-2/With_Energy/OneBatch-Perturbed_Lobatto_3A3B.py", line 353, in <module>
    main()
  File "/pc2/users/r/rpandey/RK4/Partitioned_RK4/Implicit_RK4/Lobatto_weights/ADAM/Hubber_Loss_Function/For_Scratch/Halton_100-Setting-2/With_Energy/OneBatch-Perturbed_Lobatto_3A3B.py", line 123, in main
    if is_valid_halton_element(halton_element, threshold=10):  # Set an appropriate threshold
  File "/pc2/users/r/rpandey/RK4/Partitioned_RK4/Implicit_RK4/Lobatto_weights/ADAM/Hubber_Loss_Function/For_Scratch/Halton_100-Setting-2/With_Energy/OneBatch-Perturbed_Lobatto_3A3B.py", line 103, in is_valid_halton_element
    yn_list, zn_list, _ = Find_valid_halton.find_error(A1D_original_BeforeOptimization, halton_element)
NameError: name 'A1D_original_BeforeOptimization' is not defined
[CpuDevice(id=0), CpuDevice(id=1), CpuDevice(id=2), CpuDevice(id=3), CpuDevice(id=4), CpuDevice(id=5), CpuDevice(id=6), CpuDevice(id=7), CpuDevice(id=8), CpuDevice(id=9), CpuDevice(id=10), CpuDevice(id=11), CpuDevice(id=12), CpuDevice(id=13), CpuDevice(id=14), CpuDevice(id=15), CpuDevice(id=16), CpuDevice(id=17), CpuDevice(id=18), CpuDevice(id=19), CpuDevice(id=20), CpuDevice(id=21), CpuDevice(id=22), CpuDevice(id=23), CpuDevice(id=24), CpuDevice(id=25), CpuDevice(id=26), CpuDevice(id=27), CpuDevice(id=28), CpuDevice(id=29), CpuDevice(id=30), CpuDevice(id=31), CpuDevice(id=32), CpuDevice(id=33), CpuDevice(id=34), CpuDevice(id=35), CpuDevice(id=36), CpuDevice(id=37), CpuDevice(id=38), CpuDevice(id=39), CpuDevice(id=40), CpuDevice(id=41), CpuDevice(id=42), CpuDevice(id=43), CpuDevice(id=44), CpuDevice(id=45), CpuDevice(id=46), CpuDevice(id=47), CpuDevice(id=48), CpuDevice(id=49), CpuDevice(id=50), CpuDevice(id=51), CpuDevice(id=52), CpuDevice(id=53), CpuDevice(id=54), CpuDevice(id=55), CpuDevice(id=56), CpuDevice(id=57), CpuDevice(id=58), CpuDevice(id=59), CpuDevice(id=60), CpuDevice(id=61), CpuDevice(id=62), CpuDevice(id=63), CpuDevice(id=64), CpuDevice(id=65), CpuDevice(id=66), CpuDevice(id=67), CpuDevice(id=68), CpuDevice(id=69), CpuDevice(id=70), CpuDevice(id=71), CpuDevice(id=72), CpuDevice(id=73), CpuDevice(id=74), CpuDevice(id=75), CpuDevice(id=76), CpuDevice(id=77), CpuDevice(id=78), CpuDevice(id=79), CpuDevice(id=80), CpuDevice(id=81), CpuDevice(id=82), CpuDevice(id=83), CpuDevice(id=84), CpuDevice(id=85), CpuDevice(id=86), CpuDevice(id=87), CpuDevice(id=88), CpuDevice(id=89), CpuDevice(id=90), CpuDevice(id=91), CpuDevice(id=92), CpuDevice(id=93), CpuDevice(id=94), CpuDevice(id=95), CpuDevice(id=96), CpuDevice(id=97), CpuDevice(id=98), CpuDevice(id=99)] num devices =  100
Total Halton elements to process: 1000
Traceback (most recent call last):
  File "/pc2/users/r/rpandey/RK4/Partitioned_RK4/Implicit_RK4/Lobatto_weights/ADAM/Hubber_Loss_Function/For_Scratch/Halton_100-Setting-2/With_Energy/OneBatch-Perturbed_Lobatto_3A3B.py", line 353, in <module>
    main()
  File "/pc2/users/r/rpandey/RK4/Partitioned_RK4/Implicit_RK4/Lobatto_weights/ADAM/Hubber_Loss_Function/For_Scratch/Halton_100-Setting-2/With_Energy/OneBatch-Perturbed_Lobatto_3A3B.py", line 123, in main
    if is_valid_halton_element(halton_element, threshold=10):  # Set an appropriate threshold
  File "/pc2/users/r/rpandey/RK4/Partitioned_RK4/Implicit_RK4/Lobatto_weights/ADAM/Hubber_Loss_Function/For_Scratch/Halton_100-Setting-2/With_Energy/OneBatch-Perturbed_Lobatto_3A3B.py", line 103, in is_valid_halton_element
    yn_list, zn_list, _ = Find_valid_halton.find_error(A1D_original_BeforeOptimization, halton_element)
NameError: name 'A1D_original_BeforeOptimization' is not defined
srun: error: cn-0249: task 0: Exited with exit code 1
srun: Terminating StepId=5585512.0
srun: error: cn-0251: task 2: Exited with exit code 1
srun: error: cn-0250: task 1: Exited with exit code 1
